[2016-10-14 15:36:06] local.ERROR: ErrorException: Undefined variable: hasToReleaseToken in /root/Desktop/CV/Content API/app/Api/V1/Controllers/AuthController.php:63
Stack trace:
#0 /root/Desktop/CV/Content API/app/Api/V1/Controllers/AuthController.php(63): Illuminate\Foundation\Bootstrap\HandleExceptions->handleError(8, 'Undefined varia...', '/root/Desktop/C...', 63, Array)
#1 [internal function]: App\Api\V1\Controllers\AuthController->signup(Object(Dingo\Api\Http\Request))
#2 /root/Desktop/CV/Content API/vendor/laravel/framework/src/Illuminate/Routing/Controller.php(80): call_user_func_array(Array, Array)
#3 /root/Desktop/CV/Content API/vendor/laravel/framework/src/Illuminate/Routing/ControllerDispatcher.php(146): Illuminate\Routing\Controller->callAction('signup', Array)
#4 /root/Desktop/CV/Content API/vendor/laravel/framework/src/Illuminate/Routing/ControllerDispatcher.php(94): Illuminate\Routing\ControllerDispatcher->call(Object(App\Api\V1\Controllers\AuthController), Object(Illuminate\Routing\Route), 'signup')
#5 [internal function]: Illuminate\Routing\ControllerDispatcher->Illuminate\Routing\{closure}(Object(Dingo\Api\Http\Request))
#6 /root/Desktop/CV/Content API/vendor/laravel/framework/src/Illuminate/Routing/Pipeline.php(52): call_user_func(Object(Closure), Object(Dingo\Api\Http\Request))
#7 [internal function]: Illuminate\Routing\Pipeline->Illuminate\Routing\{closure}(Object(Dingo\Api\Http\Request))
#8 /root/Desktop/CV/Content API/vendor/laravel/framework/src/Illuminate/Pipeline/Pipeline.php(102): call_user_func(Object(Closure), Object(Dingo\Api\Http\Request))
#9 /root/Desktop/CV/Content API/vendor/laravel/framework/src/Illuminate/Routing/ControllerDispatcher.php(96): Illuminate\Pipeline\Pipeline->then(Object(Closure))
#10 /root/Desktop/CV/Content API/vendor/laravel/framework/src/Illuminate/Routing/ControllerDispatcher.php(54): Illuminate\Routing\ControllerDispatcher->callWithinStack(Object(App\Api\V1\Controllers\AuthController), Object(Illuminate\Routing\Route), Object(Dingo\Api\Http\Request), 'signup')
#11 /root/Desktop/CV/Content API/vendor/laravel/framework/src/Illuminate/Routing/Route.php(174): Illuminate\Routing\ControllerDispatcher->dispatch(Object(Illuminate\Routing\Route), Object(Dingo\Api\Http\Request), 'App\\Api\\V1\\Cont...', 'signup')
#12 /root/Desktop/CV/Content API/vendor/laravel/framework/src/Illuminate/Routing/Route.php(140): Illuminate\Routing\Route->runController(Object(Dingo\Api\Http\Request))
#13 /root/Desktop/CV/Content API/vendor/laravel/framework/src/Illuminate/Routing/Router.php(724): Illuminate\Routing\Route->run(Object(Dingo\Api\Http\Request))
#14 [internal function]: Illuminate\Routing\Router->Illuminate\Routing\{closure}(Object(Dingo\Api\Http\Request))
#15 /root/Desktop/CV/Content API/vendor/laravel/framework/src/Illuminate/Routing/Pipeline.php(52): call_user_func(Object(Closure), Object(Dingo\Api\Http\Request))
#16 /root/Desktop/CV/Content API/vendor/dingo/api/src/Http/Middleware/PrepareController.php(45): Illuminate\Routing\Pipeline->Illuminate\Routing\{closure}(Object(Dingo\Api\Http\Request))
#17 [internal function]: Dingo\Api\Http\Middleware\PrepareController->handle(Object(Dingo\Api\Http\Request), Object(Closure))
#18 /root/Desktop/CV/Content API/vendor/laravel/framework/src/Illuminate/Pipeline/Pipeline.php(136): call_user_func_array(Array, Array)
#19 [internal function]: Illuminate\Pipeline\Pipeline->Illuminate\Pipeline\{closure}(Object(Dingo\Api\Http\Request))
#20 /root/Desktop/CV/Content API/vendor/laravel/framework/src/Illuminate/Routing/Pipeline.php(32): call_user_func(Object(Closure), Object(Dingo\Api\Http\Request))
#21 [internal function]: Illuminate\Routing\Pipeline->Illuminate\Routing\{closure}(Object(Dingo\Api\Http\Request))
#22 /root/Desktop/CV/Content API/vendor/laravel/framework/src/Illuminate/Pipeline/Pipeline.php(102): call_user_func(Object(Closure), Object(Dingo\Api\Http\Request))
#23 /root/Desktop/CV/Content API/vendor/laravel/framework/src/Illuminate/Routing/Router.php(726): Illuminate\Pipeline\Pipeline->then(Object(Closure))
#24 /root/Desktop/CV/Content API/vendor/laravel/framework/src/Illuminate/Routing/Router.php(699): Illuminate\Routing\Router->runRouteWithinStack(Object(Illuminate\Routing\Route), Object(Dingo\Api\Http\Request))
#25 /root/Desktop/CV/Content API/vendor/laravel/framework/src/Illuminate/Routing/Router.php(675): Illuminate\Routing\Router->dispatchToRoute(Object(Dingo\Api\Http\Request))
#26 /root/Desktop/CV/Content API/vendor/dingo/api/src/Routing/Adapter/Laravel.php(81): Illuminate\Routing\Router->dispatch(Object(Dingo\Api\Http\Request))
#27 /root/Desktop/CV/Content API/vendor/dingo/api/src/Routing/Router.php(513): Dingo\Api\Routing\Adapter\Laravel->dispatch(Object(Dingo\Api\Http\Request), 'v1')
#28 /root/Desktop/CV/Content API/vendor/dingo/api/src/Http/Middleware/Request.php(126): Dingo\Api\Routing\Router->dispatch(Object(Dingo\Api\Http\Request))
#29 [internal function]: Dingo\Api\Http\Middleware\Request->Dingo\Api\Http\Middleware\{closure}(Object(Dingo\Api\Http\Request))
#30 /root/Desktop/CV/Content API/vendor/laravel/framework/src/Illuminate/Pipeline/Pipeline.php(150): call_user_func(Object(Closure), Object(Dingo\Api\Http\Request))
#31 /root/Desktop/CV/Content API/vendor/laravel/framework/src/Illuminate/Foundation/Http/Middleware/CheckForMaintenanceMode.php(44): Illuminate\Pipeline\Pipeline->Illuminate\Pipeline\{closure}(Object(Dingo\Api\Http\Request))
#32 [internal function]: Illuminate\Foundation\Http\Middleware\CheckForMaintenanceMode->handle(Object(Dingo\Api\Http\Request), Object(Closure))
#33 /root/Desktop/CV/Content API/vendor/laravel/framework/src/Illuminate/Pipeline/Pipeline.php(136): call_user_func_array(Array, Array)
#34 [internal function]: Illuminate\Pipeline\Pipeline->Illuminate\Pipeline\{closure}(Object(Dingo\Api\Http\Request))
#35 /root/Desktop/CV/Content API/vendor/laravel/framework/src/Illuminate/Pipeline/Pipeline.php(102): call_user_func(Object(Closure), Object(Dingo\Api\Http\Request))
#36 /root/Desktop/CV/Content API/vendor/dingo/api/src/Http/Middleware/Request.php(127): Illuminate\Pipeline\Pipeline->then(Object(Closure))
#37 /root/Desktop/CV/Content API/vendor/dingo/api/src/Http/Middleware/Request.php(103): Dingo\Api\Http\Middleware\Request->sendRequestThroughRouter(Object(Dingo\Api\Http\Request))
#38 [internal function]: Dingo\Api\Http\Middleware\Request->handle(Object(Dingo\Api\Http\Request), Object(Closure))
#39 /root/Desktop/CV/Content API/vendor/laravel/framework/src/Illuminate/Pipeline/Pipeline.php(136): call_user_func_array(Array, Array)
#40 [internal function]: Illuminate\Pipeline\Pipeline->Illuminate\Pipeline\{closure}(Object(Illuminate\Http\Request))
#41 /root/Desktop/CV/Content API/vendor/laravel/framework/src/Illuminate/Routing/Pipeline.php(32): call_user_func(Object(Closure), Object(Illuminate\Http\Request))
#42 [internal function]: Illuminate\Routing\Pipeline->Illuminate\Routing\{closure}(Object(Illuminate\Http\Request))
#43 /root/Desktop/CV/Content API/vendor/laravel/framework/src/Illuminate/Pipeline/Pipeline.php(102): call_user_func(Object(Closure), Object(Illuminate\Http\Request))
#44 /root/Desktop/CV/Content API/vendor/laravel/framework/src/Illuminate/Foundation/Http/Kernel.php(132): Illuminate\Pipeline\Pipeline->then(Object(Closure))
#45 /root/Desktop/CV/Content API/vendor/laravel/framework/src/Illuminate/Foundation/Http/Kernel.php(99): Illuminate\Foundation\Http\Kernel->sendRequestThroughRouter(Object(Illuminate\Http\Request))
#46 /root/Desktop/CV/Content API/public/index.php(53): Illuminate\Foundation\Http\Kernel->handle(Object(Illuminate\Http\Request))
#47 /root/Desktop/CV/Content API/server.php(21): require_once('/root/Desktop/C...')
#48 {main}  
[2016-10-14 15:36:06] local.ERROR: ErrorException: Undefined variable: hasToReleaseToken in /root/Desktop/CV/Content API/app/Api/V1/Controllers/AuthController.php:63
Stack trace:
#0 /root/Desktop/CV/Content API/app/Api/V1/Controllers/AuthController.php(63): Illuminate\Foundation\Bootstrap\HandleExceptions->handleError(8, 'Undefined varia...', '/root/Desktop/C...', 63, Array)
#1 [internal function]: App\Api\V1\Controllers\AuthController->signup(Object(Dingo\Api\Http\Request))
#2 /root/Desktop/CV/Content API/vendor/laravel/framework/src/Illuminate/Routing/Controller.php(80): call_user_func_array(Array, Array)
#3 /root/Desktop/CV/Content API/vendor/laravel/framework/src/Illuminate/Routing/ControllerDispatcher.php(146): Illuminate\Routing\Controller->callAction('signup', Array)
#4 /root/Desktop/CV/Content API/vendor/laravel/framework/src/Illuminate/Routing/ControllerDispatcher.php(94): Illuminate\Routing\ControllerDispatcher->call(Object(App\Api\V1\Controllers\AuthController), Object(Illuminate\Routing\Route), 'signup')
#5 [internal function]: Illuminate\Routing\ControllerDispatcher->Illuminate\Routing\{closure}(Object(Dingo\Api\Http\Request))
#6 /root/Desktop/CV/Content API/vendor/laravel/framework/src/Illuminate/Routing/Pipeline.php(52): call_user_func(Object(Closure), Object(Dingo\Api\Http\Request))
#7 [internal function]: Illuminate\Routing\Pipeline->Illuminate\Routing\{closure}(Object(Dingo\Api\Http\Request))
#8 /root/Desktop/CV/Content API/vendor/laravel/framework/src/Illuminate/Pipeline/Pipeline.php(102): call_user_func(Object(Closure), Object(Dingo\Api\Http\Request))
#9 /root/Desktop/CV/Content API/vendor/laravel/framework/src/Illuminate/Routing/ControllerDispatcher.php(96): Illuminate\Pipeline\Pipeline->then(Object(Closure))
#10 /root/Desktop/CV/Content API/vendor/laravel/framework/src/Illuminate/Routing/ControllerDispatcher.php(54): Illuminate\Routing\ControllerDispatcher->callWithinStack(Object(App\Api\V1\Controllers\AuthController), Object(Illuminate\Routing\Route), Object(Dingo\Api\Http\Request), 'signup')
#11 /root/Desktop/CV/Content API/vendor/laravel/framework/src/Illuminate/Routing/Route.php(174): Illuminate\Routing\ControllerDispatcher->dispatch(Object(Illuminate\Routing\Route), Object(Dingo\Api\Http\Request), 'App\\Api\\V1\\Cont...', 'signup')
#12 /root/Desktop/CV/Content API/vendor/laravel/framework/src/Illuminate/Routing/Route.php(140): Illuminate\Routing\Route->runController(Object(Dingo\Api\Http\Request))
#13 /root/Desktop/CV/Content API/vendor/laravel/framework/src/Illuminate/Routing/Router.php(724): Illuminate\Routing\Route->run(Object(Dingo\Api\Http\Request))
#14 [internal function]: Illuminate\Routing\Router->Illuminate\Routing\{closure}(Object(Dingo\Api\Http\Request))
#15 /root/Desktop/CV/Content API/vendor/laravel/framework/src/Illuminate/Routing/Pipeline.php(52): call_user_func(Object(Closure), Object(Dingo\Api\Http\Request))
#16 /root/Desktop/CV/Content API/vendor/dingo/api/src/Http/Middleware/PrepareController.php(45): Illuminate\Routing\Pipeline->Illuminate\Routing\{closure}(Object(Dingo\Api\Http\Request))
#17 [internal function]: Dingo\Api\Http\Middleware\PrepareController->handle(Object(Dingo\Api\Http\Request), Object(Closure))
#18 /root/Desktop/CV/Content API/vendor/laravel/framework/src/Illuminate/Pipeline/Pipeline.php(136): call_user_func_array(Array, Array)
#19 [internal function]: Illuminate\Pipeline\Pipeline->Illuminate\Pipeline\{closure}(Object(Dingo\Api\Http\Request))
#20 /root/Desktop/CV/Content API/vendor/laravel/framework/src/Illuminate/Routing/Pipeline.php(32): call_user_func(Object(Closure), Object(Dingo\Api\Http\Request))
#21 [internal function]: Illuminate\Routing\Pipeline->Illuminate\Routing\{closure}(Object(Dingo\Api\Http\Request))
#22 /root/Desktop/CV/Content API/vendor/laravel/framework/src/Illuminate/Pipeline/Pipeline.php(102): call_user_func(Object(Closure), Object(Dingo\Api\Http\Request))
#23 /root/Desktop/CV/Content API/vendor/laravel/framework/src/Illuminate/Routing/Router.php(726): Illuminate\Pipeline\Pipeline->then(Object(Closure))
#24 /root/Desktop/CV/Content API/vendor/laravel/framework/src/Illuminate/Routing/Router.php(699): Illuminate\Routing\Router->runRouteWithinStack(Object(Illuminate\Routing\Route), Object(Dingo\Api\Http\Request))
#25 /root/Desktop/CV/Content API/vendor/laravel/framework/src/Illuminate/Routing/Router.php(675): Illuminate\Routing\Router->dispatchToRoute(Object(Dingo\Api\Http\Request))
#26 /root/Desktop/CV/Content API/vendor/dingo/api/src/Routing/Adapter/Laravel.php(81): Illuminate\Routing\Router->dispatch(Object(Dingo\Api\Http\Request))
#27 /root/Desktop/CV/Content API/vendor/dingo/api/src/Routing/Router.php(513): Dingo\Api\Routing\Adapter\Laravel->dispatch(Object(Dingo\Api\Http\Request), 'v1')
#28 /root/Desktop/CV/Content API/vendor/dingo/api/src/Http/Middleware/Request.php(126): Dingo\Api\Routing\Router->dispatch(Object(Dingo\Api\Http\Request))
#29 [internal function]: Dingo\Api\Http\Middleware\Request->Dingo\Api\Http\Middleware\{closure}(Object(Dingo\Api\Http\Request))
#30 /root/Desktop/CV/Content API/vendor/laravel/framework/src/Illuminate/Pipeline/Pipeline.php(150): call_user_func(Object(Closure), Object(Dingo\Api\Http\Request))
#31 /root/Desktop/CV/Content API/vendor/laravel/framework/src/Illuminate/Foundation/Http/Middleware/CheckForMaintenanceMode.php(44): Illuminate\Pipeline\Pipeline->Illuminate\Pipeline\{closure}(Object(Dingo\Api\Http\Request))
#32 [internal function]: Illuminate\Foundation\Http\Middleware\CheckForMaintenanceMode->handle(Object(Dingo\Api\Http\Request), Object(Closure))
#33 /root/Desktop/CV/Content API/vendor/laravel/framework/src/Illuminate/Pipeline/Pipeline.php(136): call_user_func_array(Array, Array)
#34 [internal function]: Illuminate\Pipeline\Pipeline->Illuminate\Pipeline\{closure}(Object(Dingo\Api\Http\Request))
#35 /root/Desktop/CV/Content API/vendor/laravel/framework/src/Illuminate/Pipeline/Pipeline.php(102): call_user_func(Object(Closure), Object(Dingo\Api\Http\Request))
#36 /root/Desktop/CV/Content API/vendor/dingo/api/src/Http/Middleware/Request.php(127): Illuminate\Pipeline\Pipeline->then(Object(Closure))
#37 /root/Desktop/CV/Content API/vendor/dingo/api/src/Http/Middleware/Request.php(103): Dingo\Api\Http\Middleware\Request->sendRequestThroughRouter(Object(Dingo\Api\Http\Request))
#38 [internal function]: Dingo\Api\Http\Middleware\Request->handle(Object(Dingo\Api\Http\Request), Object(Closure))
#39 /root/Desktop/CV/Content API/vendor/laravel/framework/src/Illuminate/Pipeline/Pipeline.php(136): call_user_func_array(Array, Array)
#40 [internal function]: Illuminate\Pipeline\Pipeline->Illuminate\Pipeline\{closure}(Object(Illuminate\Http\Request))
#41 /root/Desktop/CV/Content API/vendor/laravel/framework/src/Illuminate/Routing/Pipeline.php(32): call_user_func(Object(Closure), Object(Illuminate\Http\Request))
#42 [internal function]: Illuminate\Routing\Pipeline->Illuminate\Routing\{closure}(Object(Illuminate\Http\Request))
#43 /root/Desktop/CV/Content API/vendor/laravel/framework/src/Illuminate/Pipeline/Pipeline.php(102): call_user_func(Object(Closure), Object(Illuminate\Http\Request))
#44 /root/Desktop/CV/Content API/vendor/laravel/framework/src/Illuminate/Foundation/Http/Kernel.php(132): Illuminate\Pipeline\Pipeline->then(Object(Closure))
#45 /root/Desktop/CV/Content API/vendor/laravel/framework/src/Illuminate/Foundation/Http/Kernel.php(99): Illuminate\Foundation\Http\Kernel->sendRequestThroughRouter(Object(Illuminate\Http\Request))
#46 /root/Desktop/CV/Content API/public/index.php(53): Illuminate\Foundation\Http\Kernel->handle(Object(Illuminate\Http\Request))
#47 /root/Desktop/CV/Content API/server.php(21): require_once('/root/Desktop/C...')
#48 {main}  
